<?xml version="1.0" encoding="UTF-8"?>
<testsuite name="Тест регистрационной формы на валидность [Opera]3"
           tests="62"
           failures="1"
           errors="0"
           skipped="61"
           time="0,030">
  <properties />
            <testcase name="setUp" time="0,000" classname="RegistrationFormFieldsTest">
                <failure type="org.openqa.selenium.SessionNotCreatedException"
                  message="Unable to create new service: OperaDriverService
Build info: version: &apos;3.141.59&apos;, revision: &apos;e82be7d358&apos;, time: &apos;2018-11-14T08:25:53&apos;
System info: host: &apos;SVETLANA&apos;, ip: &apos;192.168.0.105&apos;, os.name: &apos;Windows 10&apos;, os.arch: &apos;amd64&apos;, os.version: &apos;10.0&apos;, java.version: &apos;12.0.1&apos;
Driver info: driver.version: unknown
Command duration or timeout: 105.26 seconds"
              >
<![CDATA[org.openqa.selenium.SessionNotCreatedException: Unable to create new service: OperaDriverService
Build info: version: '3.141.59', revision: 'e82be7d358', time: '2018-11-14T08:25:53'
System info: host: 'SVETLANA', ip: '192.168.0.105', os.name: 'Windows 10', os.arch: 'amd64', os.version: '10.0', java.version: '12.0.1'
Driver info: driver.version: unknown
Command duration or timeout: 105.26 seconds
  sun.reflect.NativeConstructorAccessorImpl.newInstance0(Native Method)
  sun.reflect.NativeConstructorAccessorImpl.newInstance(NativeConstructorAccessorImpl.java:62)
  sun.reflect.DelegatingConstructorAccessorImpl.newInstance(DelegatingConstructorAccessorImpl.java:45)
  java.lang.reflect.Constructor.newInstance(Constructor.java:423)
  org.openqa.selenium.remote.ErrorHandler.createThrowable(ErrorHandler.java:214)
  org.openqa.selenium.remote.ErrorHandler.throwIfResponseFailed(ErrorHandler.java:166)
  org.openqa.selenium.remote.JsonWireProtocolResponse.lambda$new$0(JsonWireProtocolResponse.java:53)
  org.openqa.selenium.remote.JsonWireProtocolResponse.lambda$getResponseFunction$2(JsonWireProtocolResponse.java:91)
  org.openqa.selenium.remote.ProtocolHandshake.lambda$createSession$0(ProtocolHandshake.java:123)
  java.util.stream.ReferencePipeline$3$1.accept(ReferencePipeline.java:193)
  java.util.Spliterators$ArraySpliterator.tryAdvance(Spliterators.java:958)
  java.util.stream.ReferencePipeline.forEachWithCancel(ReferencePipeline.java:126)
  java.util.stream.AbstractPipeline.copyIntoWithCancel(AbstractPipeline.java:498)
  java.util.stream.AbstractPipeline.copyInto(AbstractPipeline.java:485)
  java.util.stream.AbstractPipeline.wrapAndCopyInto(AbstractPipeline.java:471)
  java.util.stream.FindOps$FindOp.evaluateSequential(FindOps.java:152)
  java.util.stream.AbstractPipeline.evaluate(AbstractPipeline.java:234)
  java.util.stream.ReferencePipeline.findFirst(ReferencePipeline.java:464)
  org.openqa.selenium.remote.ProtocolHandshake.createSession(ProtocolHandshake.java:126)
  org.openqa.selenium.remote.ProtocolHandshake.createSession(ProtocolHandshake.java:73)
  org.openqa.selenium.remote.HttpCommandExecutor.execute(HttpCommandExecutor.java:136)
  org.openqa.selenium.remote.RemoteWebDriver.execute(RemoteWebDriver.java:543)
  org.openqa.selenium.remote.RemoteWebDriver.startSession(RemoteWebDriver.java:207)
  org.openqa.selenium.remote.RemoteWebDriver.<init>(RemoteWebDriver.java:130)
  org.openqa.selenium.remote.RemoteWebDriver.<init>(RemoteWebDriver.java:143)
  BaseTest.getRemoteDriver(BaseTest.java:129)
  BaseTest.setUp(BaseTest.java:165)
  sun.reflect.GeneratedMethodAccessor3.invoke(Unknown Source)
  sun.reflect.DelegatingMethodAccessorImpl.invoke(DelegatingMethodAccessorImpl.java:43)
  java.lang.reflect.Method.invoke(Method.java:498)
  org.testng.internal.MethodInvocationHelper.invokeMethod(MethodInvocationHelper.java:80)
  org.testng.internal.Invoker.invokeConfigurationMethod(Invoker.java:564)
  org.testng.internal.Invoker.invokeConfigurations(Invoker.java:213)
  org.testng.internal.Invoker.invokeConfigurations(Invoker.java:138)
  org.testng.internal.TestMethodWorker.invokeBeforeClassMethods(TestMethodWorker.java:175)
  org.testng.internal.TestMethodWorker.run(TestMethodWorker.java:107)
  org.testng.TestRunner.privateRun(TestRunner.java:767)
  org.testng.TestRunner.run(TestRunner.java:617)
  org.testng.SuiteRunner.runTest(SuiteRunner.java:334)
  org.testng.SuiteRunner.access$000(SuiteRunner.java:37)
  org.testng.SuiteRunner$SuiteWorker.run(SuiteRunner.java:368)
  org.testng.internal.thread.ThreadUtil$2.call(ThreadUtil.java:64)
  java.util.concurrent.FutureTask.run(FutureTask.java:266)
  java.util.concurrent.ThreadPoolExecutor.runWorker(ThreadPoolExecutor.java:1149)
  java.util.concurrent.ThreadPoolExecutor$Worker.run(ThreadPoolExecutor.java:624)
  java.lang.Thread.run(Thread.java:748)
Caused by: org.openqa.selenium.SessionNotCreatedException: Unable to create new service: OperaDriverService
Build info: version: '3.141.59', revision: 'e82be7d358', time: '2018-11-14T08:25:53'
System info: host: 'SVETLANA', ip: '192.168.0.105', os.name: 'Windows 10', os.arch: 'amd64', os.version: '10.0', java.version: '12.0.1'
Driver info: driver.version: unknown
Build info: version: '3.12.0', revision: '7c6e0b3', time: '2018-05-08T14:04:26.12Z'
System info: host: 'MAKSPC', ip: '192.168.0.101', os.name: 'Windows 7', os.arch: 'amd64', os.version: '6.1', java.version: '1.8.0_201'
Driver info: driver.version: unknown
  org.openqa.selenium.grid.session.remote.ServicedSession$Factory.lambda$get$0(ServicedSession.java:135)
  org.openqa.selenium.grid.session.remote.ServicedSession$Factory.apply(ServicedSession.java:152)
  org.openqa.selenium.remote.server.ActiveSessionFactory.lambda$apply$12(ActiveSessionFactory.java:180)
  java.util.stream.ReferencePipeline$3$1.accept(ReferencePipeline.java:195)
  java.util.stream.ReferencePipeline$11$1.accept(ReferencePipeline.java:442)
  java.util.stream.ReferencePipeline$2$1.accept(ReferencePipeline.java:177)
  java.util.Spliterators$ArraySpliterator.tryAdvance(Spliterators.java:958)
  java.util.stream.ReferencePipeline.forEachWithCancel(ReferencePipeline.java:127)
  java.util.stream.AbstractPipeline.copyIntoWithCancel(AbstractPipeline.java:502)
  java.util.stream.AbstractPipeline.copyInto(AbstractPipeline.java:488)
  java.util.stream.AbstractPipeline.wrapAndCopyInto(AbstractPipeline.java:474)
  java.util.stream.FindOps$FindOp.evaluateSequential(FindOps.java:150)
  java.util.stream.AbstractPipeline.evaluate(AbstractPipeline.java:234)
  java.util.stream.ReferencePipeline.findFirst(ReferencePipeline.java:543)
  org.openqa.selenium.remote.server.ActiveSessionFactory.apply(ActiveSessionFactory.java:183)
  org.openqa.selenium.remote.server.NewSessionPipeline.lambda$null$2(NewSessionPipeline.java:66)
  java.util.stream.ReferencePipeline$3$1.accept(ReferencePipeline.java:195)
  java.util.stream.ReferencePipeline$2$1.accept(ReferencePipeline.java:177)
  java.util.Collections$2.tryAdvance(Collections.java:4745)
  java.util.stream.ReferencePipeline.forEachWithCancel(ReferencePipeline.java:127)
  java.util.stream.AbstractPipeline.copyIntoWithCancel(AbstractPipeline.java:502)
  java.util.stream.AbstractPipeline.copyInto(AbstractPipeline.java:488)
  java.util.stream.AbstractPipeline.wrapAndCopyInto(AbstractPipeline.java:474)
  java.util.stream.FindOps$FindOp.evaluateSequential(FindOps.java:150)
  java.util.stream.AbstractPipeline.evaluate(AbstractPipeline.java:234)
  java.util.stream.ReferencePipeline.findFirst(ReferencePipeline.java:543)
  org.openqa.selenium.remote.server.NewSessionPipeline.lambda$createNewSession$3(NewSessionPipeline.java:69)
  java.util.stream.ReferencePipeline$3$1.accept(ReferencePipeline.java:195)
  java.util.stream.ReferencePipeline$3$1.accept(ReferencePipeline.java:195)
  java.util.stream.ReferencePipeline$3$1.accept(ReferencePipeline.java:195)
  java.util.stream.DistinctOps$1$2.accept(DistinctOps.java:174)
  java.util.stream.ReferencePipeline$2$1.accept(ReferencePipeline.java:177)
  java.util.stream.ReferencePipeline$3$1.accept(ReferencePipeline.java:195)
  java.util.stream.ReferencePipeline$2$1.accept(ReferencePipeline.java:177)
  java.util.stream.Streams$StreamBuilderImpl.tryAdvance(Streams.java:397)
  java.util.stream.Streams$ConcatSpliterator.tryAdvance(Streams.java:720)
  java.util.stream.ReferencePipeline.forEachWithCancel(ReferencePipeline.java:127)
  java.util.stream.AbstractPipeline.copyIntoWithCancel(AbstractPipeline.java:502)
  java.util.stream.AbstractPipeline.copyInto(AbstractPipeline.java:488)
  java.util.stream.AbstractPipeline.wrapAndCopyInto(AbstractPipeline.java:474)
  java.util.stream.FindOps$FindOp.evaluateSequential(FindOps.java:150)
  java.util.stream.AbstractPipeline.evaluate(AbstractPipeline.java:234)
  java.util.stream.ReferencePipeline.findFirst(ReferencePipeline.java:543)
  org.openqa.selenium.remote.server.NewSessionPipeline.createNewSession(NewSessionPipeline.java:72)
  org.openqa.selenium.remote.server.commandhandler.BeginSession.execute(BeginSession.java:65)
  org.openqa.selenium.remote.server.WebDriverServlet.lambda$handle$0(WebDriverServlet.java:235)
  java.util.concurrent.Executors$RunnableAdapter.call(Executors.java:515)
  java.util.concurrent.FutureTask.run(FutureTask.java:264)
  java.util.concurrent.ThreadPoolExecutor.runWorker(ThreadPoolExecutor.java:1128)
  java.util.concurrent.ThreadPoolExecutor$Worker.run(ThreadPoolExecutor.java:628)
  java.lang.Thread.run(Thread.java:835)
]]>
      </failure>

          </testcase>
  
            <testcase name="tearDown" time="0.0" classname="RegistrationFormFieldsTest">
          <skipped />
    </testcase>
            <testcase name="RegistrationEmailTest" time="0.0" classname="RegistrationFormFieldsTest">
          <skipped />
    </testcase>
            <testcase name="RegistrationLoginTest" time="0.0" classname="RegistrationFormFieldsTest">
          <skipped />
    </testcase>
            <testcase name="RegistrationLoginTest" time="0.0" classname="RegistrationFormFieldsTest">
          <skipped />
    </testcase>
            <testcase name="RegistrationEmailTest" time="0.0" classname="RegistrationFormFieldsTest">
          <skipped />
    </testcase>
            <testcase name="RegistrationEmailTest" time="0.0" classname="RegistrationFormFieldsTest">
          <skipped />
    </testcase>
            <testcase name="RegistrationPswTest" time="0.0" classname="RegistrationFormFieldsTest">
          <skipped />
    </testcase>
            <testcase name="GoToRegistrationForm" time="0.0" classname="RegistrationFormFieldsTest">
          <skipped />
    </testcase>
            <testcase name="RegistrationEmailTest" time="0.0" classname="RegistrationFormFieldsTest">
          <skipped />
    </testcase>
            <testcase name="RegistrationPswTest" time="0.0" classname="RegistrationFormFieldsTest">
          <skipped />
    </testcase>
            <testcase name="RegistrationLoginTest" time="0.0" classname="RegistrationFormFieldsTest">
          <skipped />
    </testcase>
            <testcase name="RegistrationPswTest" time="0.0" classname="RegistrationFormFieldsTest">
          <skipped />
    </testcase>
            <testcase name="RegistrationEmailTest" time="0.0" classname="RegistrationFormFieldsTest">
          <skipped />
    </testcase>
            <testcase name="RegistrationEmailTest" time="0.0" classname="RegistrationFormFieldsTest">
          <skipped />
    </testcase>
            <testcase name="RegistrationEmailTest" time="0.0" classname="RegistrationFormFieldsTest">
          <skipped />
    </testcase>
            <testcase name="RegistrationLoginTest" time="0.0" classname="RegistrationFormFieldsTest">
          <skipped />
    </testcase>
            <testcase name="RegistrationEmailTest" time="0.0" classname="RegistrationFormFieldsTest">
          <skipped />
    </testcase>
            <testcase name="RegistrationLoginTest" time="0.0" classname="RegistrationFormFieldsTest">
          <skipped />
    </testcase>
            <testcase name="RegistrationLoginTest" time="0.0" classname="RegistrationFormFieldsTest">
          <skipped />
    </testcase>
            <testcase name="RegistrationLoginTest" time="0.0" classname="RegistrationFormFieldsTest">
          <skipped />
    </testcase>
            <testcase name="RegistrationEmailTest" time="0.0" classname="RegistrationFormFieldsTest">
          <skipped />
    </testcase>
            <testcase name="RegistrationEmailTest" time="0.0" classname="RegistrationFormFieldsTest">
          <skipped />
    </testcase>
            <testcase name="RegistrationLoginTest" time="0.0" classname="RegistrationFormFieldsTest">
          <skipped />
    </testcase>
            <testcase name="RegistrationEmailTest" time="0.0" classname="RegistrationFormFieldsTest">
          <skipped />
    </testcase>
            <testcase name="RegistrationPswTest" time="0.0" classname="RegistrationFormFieldsTest">
          <skipped />
    </testcase>
            <testcase name="RegistrationLoginTest" time="0.0" classname="RegistrationFormFieldsTest">
          <skipped />
    </testcase>
            <testcase name="RegistrationEmailTest" time="0.0" classname="RegistrationFormFieldsTest">
          <skipped />
    </testcase>
            <testcase name="RegistrationEmailTest" time="0.0" classname="RegistrationFormFieldsTest">
          <skipped />
    </testcase>
            <testcase name="RegistrationLoginTest" time="0.0" classname="RegistrationFormFieldsTest">
          <skipped />
    </testcase>
            <testcase name="RegistrationEmailTest" time="0.0" classname="RegistrationFormFieldsTest">
          <skipped />
    </testcase>
            <testcase name="RegistrationEmailTest" time="0.0" classname="RegistrationFormFieldsTest">
          <skipped />
    </testcase>
            <testcase name="RegistrationEmailTest" time="0.0" classname="RegistrationFormFieldsTest">
          <skipped />
    </testcase>
            <testcase name="RegistrationEmailTest" time="0.0" classname="RegistrationFormFieldsTest">
          <skipped />
    </testcase>
            <testcase name="RegistrationLoginTest" time="0.0" classname="RegistrationFormFieldsTest">
          <skipped />
    </testcase>
            <testcase name="RegistrationPswTest" time="0.0" classname="RegistrationFormFieldsTest">
          <skipped />
    </testcase>
            <testcase name="RegistrationLoginTest" time="0.0" classname="RegistrationFormFieldsTest">
          <skipped />
    </testcase>
            <testcase name="RegistrationEmailTest" time="0.0" classname="RegistrationFormFieldsTest">
          <skipped />
    </testcase>
            <testcase name="RegistrationLoginTest" time="0.0" classname="RegistrationFormFieldsTest">
          <skipped />
    </testcase>
            <testcase name="RegistrationPswTest" time="0.0" classname="RegistrationFormFieldsTest">
          <skipped />
    </testcase>
            <testcase name="RegistrationLoginTest" time="0.0" classname="RegistrationFormFieldsTest">
          <skipped />
    </testcase>
            <testcase name="RegistrationEmailTest" time="0.0" classname="RegistrationFormFieldsTest">
          <skipped />
    </testcase>
            <testcase name="RegistrationEmailTest" time="0.0" classname="RegistrationFormFieldsTest">
          <skipped />
    </testcase>
            <testcase name="RegistrationEmailTest" time="0.0" classname="RegistrationFormFieldsTest">
          <skipped />
    </testcase>
            <testcase name="RegistrationEmailTest" time="0.0" classname="RegistrationFormFieldsTest">
          <skipped />
    </testcase>
            <testcase name="RegistrationLoginTest" time="0.0" classname="RegistrationFormFieldsTest">
          <skipped />
    </testcase>
            <testcase name="RegistrationLoginTest" time="0.0" classname="RegistrationFormFieldsTest">
          <skipped />
    </testcase>
            <testcase name="RegistrationPswTest" time="0.0" classname="RegistrationFormFieldsTest">
          <skipped />
    </testcase>
            <testcase name="RegistrationLoginTest" time="0.0" classname="RegistrationFormFieldsTest">
          <skipped />
    </testcase>
            <testcase name="RegistrationEmailTest" time="0.0" classname="RegistrationFormFieldsTest">
          <skipped />
    </testcase>
            <testcase name="RegistrationEmailTest" time="0.0" classname="RegistrationFormFieldsTest">
          <skipped />
    </testcase>
            <testcase name="RegistrationEmailTest" time="0.0" classname="RegistrationFormFieldsTest">
          <skipped />
    </testcase>
            <testcase name="RegistrationLoginTest" time="0.0" classname="RegistrationFormFieldsTest">
          <skipped />
    </testcase>
            <testcase name="RegistrationEmailTest" time="0.0" classname="RegistrationFormFieldsTest">
          <skipped />
    </testcase>
            <testcase name="RegistrationEmailTest" time="0.0" classname="RegistrationFormFieldsTest">
          <skipped />
    </testcase>
            <testcase name="RegistrationLoginTest" time="0.0" classname="RegistrationFormFieldsTest">
          <skipped />
    </testcase>
            <testcase name="RegistrationPswTest" time="0.0" classname="RegistrationFormFieldsTest">
          <skipped />
    </testcase>
            <testcase name="RegistrationEmailTest" time="0.0" classname="RegistrationFormFieldsTest">
          <skipped />
    </testcase>
            <testcase name="RegistrationLoginTest" time="0.0" classname="RegistrationFormFieldsTest">
          <skipped />
    </testcase>
            <testcase name="RegistrationLoginTest" time="0.0" classname="RegistrationFormFieldsTest">
          <skipped />
    </testcase>
            <testcase name="RegistrationEmailTest" time="0.0" classname="RegistrationFormFieldsTest">
          <skipped />
    </testcase>
            <testcase name="RegistrationPswTest" time="0.0" classname="RegistrationFormFieldsTest">
          <skipped />
    </testcase>
  
  
</testsuite>
